<?xml version="1.0" encoding="UTF-8"?>
<coverage generated="1650685822737" clover="3.2.0">
  <project timestamp="1650685822737" name="All files">
    <metrics statements="30" coveredstatements="13" conditionals="14" coveredconditionals="1" methods="8" coveredmethods="3" elements="52" coveredelements="17" complexity="0" loc="30" ncloc="30" packages="3" files="4" classes="4"/>
    <package name="js">
      <metrics statements="4" coveredstatements="1" conditionals="2" coveredconditionals="0" methods="1" coveredmethods="0"/>
      <file name="Context.tsx" path="/Users/nao/PG/Git/twitter-clone/resources/js/Context.tsx">
        <metrics statements="4" coveredstatements="1" conditionals="2" coveredconditionals="0" methods="1" coveredmethods="0"/>
        <line num="13" count="1" type="stmt"/>
        <line num="16" count="0" type="stmt"/>
        <line num="17" count="0" type="cond" truecount="0" falsecount="2"/>
        <line num="19" count="0" type="stmt"/>
      </file>
    </package>
    <package name="js.api">
      <metrics statements="4" coveredstatements="2" conditionals="0" coveredconditionals="0" methods="1" coveredmethods="0"/>
      <file name="User.ts" path="/Users/nao/PG/Git/twitter-clone/resources/js/api/User.ts">
        <metrics statements="4" coveredstatements="2" conditionals="0" coveredconditionals="0" methods="1" coveredmethods="0"/>
        <line num="13" count="1" type="stmt"/>
        <line num="21" count="1" type="stmt"/>
        <line num="22" count="0" type="stmt"/>
        <line num="23" count="0" type="stmt"/>
      </file>
    </package>
    <package name="js.components.atoms">
      <metrics statements="22" coveredstatements="10" conditionals="12" coveredconditionals="1" methods="6" coveredmethods="3"/>
      <file name="CircleIcon.tsx" path="/Users/nao/PG/Git/twitter-clone/resources/js/components/atoms/CircleIcon.tsx">
        <metrics statements="17" coveredstatements="5" conditionals="10" coveredconditionals="0" methods="4" coveredmethods="1"/>
        <line num="16" count="1" type="stmt"/>
        <line num="18" count="1" type="stmt"/>
        <line num="23" count="1" type="stmt"/>
        <line num="29" count="1" type="stmt"/>
        <line num="30" count="0" type="cond" truecount="0" falsecount="2"/>
        <line num="31" count="0" type="cond" truecount="0" falsecount="2"/>
        <line num="38" count="3" type="stmt"/>
        <line num="39" count="0" type="stmt"/>
        <line num="41" count="0" type="stmt"/>
        <line num="42" count="0" type="stmt"/>
        <line num="43" count="0" type="cond" truecount="0" falsecount="2"/>
        <line num="44" count="0" type="stmt"/>
        <line num="50" count="0" type="stmt"/>
        <line num="52" count="0" type="stmt"/>
        <line num="57" count="0" type="cond" truecount="0" falsecount="2"/>
        <line num="58" count="0" type="stmt"/>
        <line num="92" count="0" type="stmt"/>
      </file>
      <file name="ErrorMessage.tsx" path="/Users/nao/PG/Git/twitter-clone/resources/js/components/atoms/ErrorMessage.tsx">
        <metrics statements="5" coveredstatements="5" conditionals="2" coveredconditionals="1" methods="2" coveredmethods="2"/>
        <line num="8" count="1" type="stmt"/>
        <line num="12" count="1" type="stmt"/>
        <line num="16" count="1" type="stmt"/>
        <line num="21" count="1" type="stmt"/>
        <line num="27" count="1" type="stmt"/>
      </file>
    </package>
  </project>
</coverage>
