{"/Users/nao/PG/Git/twitter-clone/resources/js/Context.tsx": {"path":"/Users/nao/PG/Git/twitter-clone/resources/js/Context.tsx","statementMap":{"0":{"start":{"line":13,"column":27},"end":{"line":13,"column":63}},"1":{"start":{"line":16,"column":27},"end":{"line":16,"column":32}},"2":{"start":{"line":17,"column":36},"end":{"line":17,"column":95}},"3":{"start":{"line":19,"column":2},"end":{"line":23,"column":4}}},"fnMap":{"0":{"name":"(anonymous_0)","decl":{"start":{"line":15,"column":15},"end":{"line":15,"column":16}},"loc":{"start":{"line":15,"column":52},"end":{"line":24,"column":1}},"line":15}},"branchMap":{"0":{"loc":{"start":{"line":17,"column":59},"end":{"line":17,"column":94}},"type":"cond-expr","locations":[{"start":{"line":17,"column":66},"end":{"line":17,"column":70}},{"start":{"line":17,"column":73},"end":{"line":17,"column":94}}],"line":17}},"s":{"0":1,"1":0,"2":0,"3":0},"f":{"0":0},"b":{"0":[0,0]},"_coverageSchema":"1a1c01bbd47fc00a2c39e90264f33305004495a9","hash":"0a25ac4b1201578aa7ecf3850a1ecdb978f94883"}
,"/Users/nao/PG/Git/twitter-clone/resources/js/api/User.ts": {"path":"/Users/nao/PG/Git/twitter-clone/resources/js/api/User.ts","statementMap":{"0":{"start":{"line":13,"column":35},"end":{"line":19,"column":1}},"1":{"start":{"line":21,"column":36},"end":{"line":24,"column":1}},"2":{"start":{"line":22,"column":27},"end":{"line":22,"column":75}},"3":{"start":{"line":23,"column":4},"end":{"line":23,"column":20}}},"fnMap":{"0":{"name":"(anonymous_0)","decl":{"start":{"line":21,"column":36},"end":{"line":21,"column":37}},"loc":{"start":{"line":21,"column":63},"end":{"line":24,"column":1}},"line":21}},"branchMap":{},"s":{"0":1,"1":1,"2":0,"3":0},"f":{"0":0},"b":{},"_coverageSchema":"1a1c01bbd47fc00a2c39e90264f33305004495a9","hash":"aa9ae31669f8e9e7f34e1a86a552862fefcbf26b"}
,"/Users/nao/PG/Git/twitter-clone/resources/js/components/atoms/CircleIcon.tsx": {"path":"/Users/nao/PG/Git/twitter-clone/resources/js/components/atoms/CircleIcon.tsx","statementMap":{"0":{"start":{"line":16,"column":21},"end":{"line":16,"column":23}},"1":{"start":{"line":18,"column":16},"end":{"line":21,"column":1}},"2":{"start":{"line":23,"column":17},"end":{"line":27,"column":1}},"3":{"start":{"line":29,"column":14},"end":{"line":34,"column":1}},"4":{"start":{"line":30,"column":18},"end":{"line":30,"column":50}},"5":{"start":{"line":31,"column":19},"end":{"line":31,"column":53}},"6":{"start":{"line":38,"column":19},"end":{"line":38,"column":32}},"7":{"start":{"line":39,"column":37},"end":{"line":39,"column":60}},"8":{"start":{"line":41,"column":22},"end":{"line":54,"column":3}},"9":{"start":{"line":42,"column":17},"end":{"line":42,"column":44}},"10":{"start":{"line":43,"column":4},"end":{"line":53,"column":5}},"11":{"start":{"line":44,"column":6},"end":{"line":49,"column":9}},"12":{"start":{"line":50,"column":6},"end":{"line":50,"column":25}},"13":{"start":{"line":52,"column":6},"end":{"line":52,"column":31}},"14":{"start":{"line":57,"column":2},"end":{"line":97,"column":3}},"15":{"start":{"line":58,"column":4},"end":{"line":90,"column":6}},"16":{"start":{"line":92,"column":4},"end":{"line":96,"column":6}}},"fnMap":{"0":{"name":"(anonymous_0)","decl":{"start":{"line":30,"column":9},"end":{"line":30,"column":10}},"loc":{"start":{"line":30,"column":18},"end":{"line":30,"column":50}},"line":30},"1":{"name":"(anonymous_1)","decl":{"start":{"line":31,"column":10},"end":{"line":31,"column":11}},"loc":{"start":{"line":31,"column":19},"end":{"line":31,"column":53}},"line":31},"2":{"name":"(anonymous_2)","decl":{"start":{"line":36,"column":15},"end":{"line":36,"column":16}},"loc":{"start":{"line":36,"column":46},"end":{"line":98,"column":1}},"line":36},"3":{"name":"(anonymous_3)","decl":{"start":{"line":41,"column":22},"end":{"line":41,"column":23}},"loc":{"start":{"line":41,"column":34},"end":{"line":54,"column":3}},"line":41}},"branchMap":{"0":{"loc":{"start":{"line":30,"column":18},"end":{"line":30,"column":50}},"type":"cond-expr","locations":[{"start":{"line":30,"column":32},"end":{"line":30,"column":43}},{"start":{"line":30,"column":46},"end":{"line":30,"column":50}}],"line":30},"1":{"loc":{"start":{"line":31,"column":19},"end":{"line":31,"column":53}},"type":"cond-expr","locations":[{"start":{"line":31,"column":34},"end":{"line":31,"column":46}},{"start":{"line":31,"column":49},"end":{"line":31,"column":53}}],"line":31},"2":{"loc":{"start":{"line":43,"column":4},"end":{"line":53,"column":5}},"type":"if","locations":[{"start":{"line":43,"column":4},"end":{"line":53,"column":5}},{"start":{"line":51,"column":11},"end":{"line":53,"column":5}}],"line":43},"3":{"loc":{"start":{"line":57,"column":2},"end":{"line":97,"column":3}},"type":"if","locations":[{"start":{"line":57,"column":2},"end":{"line":97,"column":3}},{"start":{"line":91,"column":9},"end":{"line":97,"column":3}}],"line":57},"4":{"loc":{"start":{"line":66,"column":12},"end":{"line":86,"column":15}},"type":"cond-expr","locations":[{"start":{"line":67,"column":12},"end":{"line":77,"column":15}},{"start":{"line":79,"column":12},"end":{"line":86,"column":15}}],"line":66}},"s":{"0":1,"1":1,"2":1,"3":1,"4":0,"5":0,"6":3,"7":0,"8":0,"9":0,"10":0,"11":0,"12":0,"13":0,"14":0,"15":0,"16":0},"f":{"0":0,"1":0,"2":3,"3":0},"b":{"0":[0,0],"1":[0,0],"2":[0,0],"3":[0,0],"4":[0,0]},"_coverageSchema":"1a1c01bbd47fc00a2c39e90264f33305004495a9","hash":"b67665c8c17c8bc49c0f8204b0fcf5b42a247f2b"}
,"/Users/nao/PG/Git/twitter-clone/resources/js/components/atoms/ErrorMessage.tsx": {"path":"/Users/nao/PG/Git/twitter-clone/resources/js/components/atoms/ErrorMessage.tsx","statementMap":{"0":{"start":{"line":8,"column":17},"end":{"line":10,"column":1}},"1":{"start":{"line":12,"column":16},"end":{"line":14,"column":1}},"2":{"start":{"line":16,"column":20},"end":{"line":18,"column":1}},"3":{"start":{"line":21,"column":2},"end":{"line":33,"column":4}},"4":{"start":{"line":27,"column":14},"end":{"line":27,"column":50}}},"fnMap":{"0":{"name":"(anonymous_0)","decl":{"start":{"line":20,"column":15},"end":{"line":20,"column":16}},"loc":{"start":{"line":20,"column":33},"end":{"line":34,"column":1}},"line":20},"1":{"name":"(anonymous_1)","decl":{"start":{"line":26,"column":31},"end":{"line":26,"column":32}},"loc":{"start":{"line":27,"column":14},"end":{"line":27,"column":50}},"line":27}},"branchMap":{"0":{"loc":{"start":{"line":23,"column":87},"end":{"line":23,"column":155}},"type":"cond-expr","locations":[{"start":{"line":23,"column":117},"end":{"line":23,"column":134}},{"start":{"line":23,"column":137},"end":{"line":23,"column":155}}],"line":23}},"s":{"0":1,"1":1,"2":1,"3":1,"4":1},"f":{"0":1,"1":1},"b":{"0":[0,1]},"_coverageSchema":"1a1c01bbd47fc00a2c39e90264f33305004495a9","hash":"c7f46f63f18303343617b3367aeee68ed20f110d"}
}
